timestamp,uso_cpu,memoria
2024-10-01T10:53:13.609484,2.3,48.1,"(252806426624, 82208710656, 170597715968, 67.5)"
2024-10-01T10:53:23.611112,2.3,48.1,"(252806426624, 82208710656, 170597715968, 67.5)"
2024-10-01T10:53:33.615680,2.3,48.1,"(252806426624, 82208710656, 170597715968, 67.5)"
2024-10-01T10:53:43.617830,2.3,48.1,"(252806426624, 82208710656, 170597715968, 67.5)"
2024-10-01T10:53:53.619500,2.3,48.1,"(252806426624, 82208710656, 170597715968, 67.5)"
2024-10-01T10:54:03.622228,2.3,48.1,"(252806426624, 82208710656, 170597715968, 67.5)"
2024-10-01T10:54:13.624618,2.3,48.1,"(252806426624, 82208710656, 170597715968, 67.5)"
2024-10-01T10:54:23.627328,2.3,48.1,"(252806426624, 82208710656, 170597715968, 67.5)"
2024-10-01T10:54:33.630554,2.3,48.1,"(252806426624, 82208710656, 170597715968, 67.5)"
2024-10-01T10:54:43.635584,2.3,48.1,"(252806426624, 82208710656, 170597715968, 67.5)"
2024-10-01T10:54:53.637483,2.3,48.1,"(252806426624, 82208710656, 170597715968, 67.5)"
2024-10-01T10:55:03.639605,2.3,48.1,"(252806426624, 82208710656, 170597715968, 67.5)"
2024-10-01T10:55:13.642802,2.3,48.1,"(252806426624, 82208710656, 170597715968, 67.5)"
2024-10-01T10:55:23.646525,2.3,48.1,"(252806426624, 82208710656, 170597715968, 67.5)"
2024-10-01T10:55:33.651715,2.3,48.1,"(252806426624, 82208710656, 170597715968, 67.5)"
2024-10-01T10:55:43.653720,2.3,48.1,"(252806426624, 82208710656, 170597715968, 67.5)"
2024-10-01T10:55:53.656443,2.3,48.1,"(252806426624, 82208710656, 170597715968, 67.5)"
2024-10-01T10:56:03.659335,2.3,48.1,"(252806426624, 82208710656, 170597715968, 67.5)"
2024-10-01T10:56:13.661917,2.3,48.1,"(252806426624, 82208710656, 170597715968, 67.5)"
2024-10-01T10:56:23.664154,2.3,48.1,"(252806426624, 82208710656, 170597715968, 67.5)"
2024-10-01T10:56:33.666935,2.3,48.1,"(252806426624, 82208710656, 170597715968, 67.5)"
2024-10-01T10:56:43.669837,2.3,48.1,"(252806426624, 82208710656, 170597715968, 67.5)"
2024-10-01T10:56:53.672912,2.3,48.1,"(252806426624, 82208710656, 170597715968, 67.5)"
2024-10-01T10:57:03.676869,2.3,48.1,"(252806426624, 82208710656, 170597715968, 67.5)"
2024-10-01T10:57:13.678134,2.3,48.1,"(252806426624, 82208710656, 170597715968, 67.5)"
2024-10-01T10:57:23.682271,2.3,48.1,"(252806426624, 82208710656, 170597715968, 67.5)"
2024-10-01T10:57:33.683457,2.3,48.1,"(252806426624, 82208710656, 170597715968, 67.5)"
2024-10-01T10:57:43.686855,2.3,48.1,"(252806426624, 82208710656, 170597715968, 67.5)"
2024-10-01T10:57:53.689214,2.3,48.1,"(252806426624, 82208710656, 170597715968, 67.5)"
2024-10-01T10:58:03.691003,2.3,48.1,"(252806426624, 82208710656, 170597715968, 67.5)"
2024-10-01T10:58:13.693555,2.3,48.1,"(252806426624, 82208710656, 170597715968, 67.5)"
2024-10-01T10:58:23.696061,2.3,48.1,"(252806426624, 82208710656, 170597715968, 67.5)"
2024-10-01T10:58:33.698959,2.3,48.1,"(252806426624, 82208710656, 170597715968, 67.5)"
2024-10-01T10:58:43.701985,2.3,48.1,"(252806426624, 82208710656, 170597715968, 67.5)"
2024-10-01T10:58:53.705435,2.3,48.1,"(252806426624, 82208710656, 170597715968, 67.5)"
2024-10-01T10:59:03.709970,2.3,48.1,"(252806426624, 82208710656, 170597715968, 67.5)"
2024-10-01T10:59:13.711350,2.3,48.1,"(252806426624, 82208710656, 170597715968, 67.5)"
2024-10-01T10:59:23.714924,2.3,48.1,"(252806426624, 82208710656, 170597715968, 67.5)"
2024-10-01T10:59:33.715619,2.3,48.1,"(252806426624, 82208710656, 170597715968, 67.5)"
2024-10-01T10:59:43.717189,2.3,48.1,"(252806426624, 82208710656, 170597715968, 67.5)"
2024-10-01T10:59:53.719576,2.3,48.1,"(252806426624, 82208710656, 170597715968, 67.5)"
2024-10-01T11:00:03.722255,2.3,48.1,"(252806426624, 82208710656, 170597715968, 67.5)"
2024-10-01T11:00:13.725272,2.3,48.1,"(252806426624, 82208710656, 170597715968, 67.5)"
2024-10-01T11:00:23.729610,2.3,48.1,"(252806426624, 82208710656, 170597715968, 67.5)"
2024-10-01T11:00:33.731299,2.3,48.1,"(252806426624, 82208710656, 170597715968, 67.5)"
2024-10-01T11:00:43.733847,2.3,48.1,"(252806426624, 82208710656, 170597715968, 67.5)"
2024-10-01T11:00:53.737952,2.3,48.1,"(252806426624, 82208710656, 170597715968, 67.5)"
2024-10-01T11:01:03.740129,2.3,48.1,"(252806426624, 82208710656, 170597715968, 67.5)"
2024-10-01T11:01:13.743136,2.3,48.1,"(252806426624, 82208710656, 170597715968, 67.5)"
2024-10-01T11:01:23.746268,2.3,48.1,"(252806426624, 82208710656, 170597715968, 67.5)"
2024-10-01T11:01:33.750441,2.3,48.1,"(252806426624, 82208710656, 170597715968, 67.5)"
2024-10-01T11:01:43.752826,2.3,48.1,"(252806426624, 82208710656, 170597715968, 67.5)"
2024-10-01T11:01:53.754492,2.3,48.1,"(252806426624, 82208710656, 170597715968, 67.5)"
2024-10-01T11:02:03.757017,2.3,48.1,"(252806426624, 82208710656, 170597715968, 67.5)"
2024-10-01T11:02:13.759556,2.3,48.1,"(252806426624, 82208710656, 170597715968, 67.5)"
2024-10-01T11:02:23.762259,2.3,48.1,"(252806426624, 82208710656, 170597715968, 67.5)"
2024-10-01T11:02:33.766343,2.3,48.1,"(252806426624, 82208710656, 170597715968, 67.5)"
2024-10-01T11:02:43.767685,2.3,48.1,"(252806426624, 82208710656, 170597715968, 67.5)"
2024-10-01T11:02:53.770094,2.3,48.1,"(252806426624, 82208710656, 170597715968, 67.5)"
2024-10-01T11:03:03.772457,2.3,48.1,"(252806426624, 82208710656, 170597715968, 67.5)"
2024-10-01T11:03:13.775054,2.3,48.1,"(252806426624, 82208710656, 170597715968, 67.5)"
2024-10-01T11:03:23.777786,2.3,48.1,"(252806426624, 82208710656, 170597715968, 67.5)"
2024-10-01T11:03:33.781403,2.3,48.1,"(252806426624, 82208710656, 170597715968, 67.5)"
2024-10-01T11:03:43.783609,2.3,48.1,"(252806426624, 82208710656, 170597715968, 67.5)"
2024-10-01T11:03:53.786036,2.3,48.1,"(252806426624, 82208710656, 170597715968, 67.5)"
2024-10-01T11:04:03.787469,2.3,48.1,"(252806426624, 82208710656, 170597715968, 67.5)"
2024-10-01T11:04:13.789998,2.3,48.1,"(252806426624, 82208710656, 170597715968, 67.5)"
2024-10-01T11:04:23.792895,2.3,48.1,"(252806426624, 82208710656, 170597715968, 67.5)"
2024-10-01T11:04:33.795517,2.3,48.1,"(252806426624, 82208710656, 170597715968, 67.5)"
2024-10-01T11:04:43.797708,2.3,48.1,"(252806426624, 82208710656, 170597715968, 67.5)"
2024-10-01T11:04:53.800187,2.3,48.1,"(252806426624, 82208710656, 170597715968, 67.5)"
2024-10-01T11:05:03.802585,2.3,48.1,"(252806426624, 82208710656, 170597715968, 67.5)"
2024-10-01T11:05:13.805184,2.3,48.1,"(252806426624, 82208710656, 170597715968, 67.5)"
2024-10-01T11:05:23.807667,2.3,48.1,"(252806426624, 82208710656, 170597715968, 67.5)"
2024-10-01T11:05:33.810401,2.3,48.1,"(252806426624, 82208710656, 170597715968, 67.5)"
2024-10-01T11:05:43.813252,2.3,48.1,"(252806426624, 82208710656, 170597715968, 67.5)"
2024-10-01T11:05:53.815365,2.3,48.1,"(252806426624, 82208710656, 170597715968, 67.5)"
2024-10-01T11:06:03.817249,2.3,48.1,"(252806426624, 82208710656, 170597715968, 67.5)"
2024-10-01T11:06:13.820455,2.3,48.1,"(252806426624, 82208710656, 170597715968, 67.5)"
2024-10-01T11:06:23.823104,2.3,48.1,"(252806426624, 82208710656, 170597715968, 67.5)"
2024-10-01T11:06:33.825842,2.3,48.1,"(252806426624, 82208710656, 170597715968, 67.5)"
2024-10-01T11:06:43.828395,2.3,48.1,"(252806426624, 82208710656, 170597715968, 67.5)"
2024-10-01T11:06:53.831386,2.3,48.1,"(252806426624, 82208710656, 170597715968, 67.5)"
2024-10-01T11:07:03.834595,2.3,48.1,"(252806426624, 82208710656, 170597715968, 67.5)"
2024-10-01T11:07:13.835702,2.3,48.1,"(252806426624, 82208710656, 170597715968, 67.5)"
2024-10-01T11:07:23.838900,2.3,48.1,"(252806426624, 82208710656, 170597715968, 67.5)"
2024-10-01T11:07:33.841667,2.3,48.1,"(252806426624, 82208710656, 170597715968, 67.5)"
2024-10-01T11:07:43.844076,2.3,48.1,"(252806426624, 82208710656, 170597715968, 67.5)"
2024-10-01T11:07:53.848281,2.3,48.1,"(252806426624, 82208710656, 170597715968, 67.5)"
2024-10-01T11:08:03.849832,2.3,48.1,"(252806426624, 82208710656, 170597715968, 67.5)"
2024-10-01T11:08:13.852761,2.3,48.1,"(252806426624, 82208710656, 170597715968, 67.5)"
2024-10-01T11:08:23.856498,2.3,48.1,"(252806426624, 82208710656, 170597715968, 67.5)"
2024-10-01T11:08:33.859287,2.3,48.1,"(252806426624, 82208710656, 170597715968, 67.5)"
2024-10-01T11:08:43.862020,2.3,48.1,"(252806426624, 82208710656, 170597715968, 67.5)"
2024-10-01T11:08:53.864406,2.3,48.1,"(252806426624, 82208710656, 170597715968, 67.5)"
2024-10-01T11:09:03.867673,2.3,48.1,"(252806426624, 82208710656, 170597715968, 67.5)"
2024-10-01T11:09:13.871061,2.3,48.1,"(252806426624, 82208710656, 170597715968, 67.5)"
2024-10-01T11:09:23.873986,2.3,48.1,"(252806426624, 82208710656, 170597715968, 67.5)"
2024-10-01T11:09:33.876091,2.3,48.1,"(252806426624, 82208710656, 170597715968, 67.5)"
2024-10-01T11:09:43.879054,2.3,48.1,"(252806426624, 82208710656, 170597715968, 67.5)"
2024-10-01T11:09:53.882365,2.3,48.1,"(252806426624, 82208710656, 170597715968, 67.5)"
2024-10-01T11:10:03.885045,2.3,48.1,"(252806426624, 82208710656, 170597715968, 67.5)"
2024-10-01T11:10:13.889841,2.3,48.1,"(252806426624, 82208710656, 170597715968, 67.5)"
2024-10-01T11:10:23.893174,2.3,48.1,"(252806426624, 82208710656, 170597715968, 67.5)"
2024-10-01T11:10:33.895365,2.3,48.1,"(252806426624, 82208710656, 170597715968, 67.5)"
2024-10-01T11:10:43.897440,2.3,48.1,"(252806426624, 82208710656, 170597715968, 67.5)"
2024-10-01T11:10:53.901077,2.3,48.1,"(252806426624, 82208710656, 170597715968, 67.5)"
2024-10-01T11:11:03.902625,2.3,48.1,"(252806426624, 82208710656, 170597715968, 67.5)"
2024-10-01T11:11:13.904918,2.3,48.1,"(252806426624, 82208710656, 170597715968, 67.5)"
2024-10-01T11:11:23.907065,2.3,48.1,"(252806426624, 82208710656, 170597715968, 67.5)"
2024-10-01T11:11:33.910275,2.3,48.1,"(252806426624, 82208710656, 170597715968, 67.5)"
2024-10-01T11:11:43.914270,2.3,48.1,"(252806426624, 82208710656, 170597715968, 67.5)"
2024-10-01T11:11:53.917658,2.3,48.1,"(252806426624, 82208710656, 170597715968, 67.5)"
2024-10-01T11:12:03.922027,2.3,48.1,"(252806426624, 82208710656, 170597715968, 67.5)"
2024-10-01T11:12:13.925675,2.3,48.1,"(252806426624, 82208710656, 170597715968, 67.5)"
2024-10-01T11:12:23.928854,2.3,48.1,"(252806426624, 82208710656, 170597715968, 67.5)"
2024-10-01T11:12:33.933259,2.3,48.1,"(252806426624, 82208710656, 170597715968, 67.5)"
2024-10-01T11:12:43.935109,2.3,48.1,"(252806426624, 82208710656, 170597715968, 67.5)"
2024-10-01T11:12:53.939050,2.3,48.1,"(252806426624, 82208710656, 170597715968, 67.5)"
2024-10-01T11:13:03.941494,2.3,48.1,"(252806426624, 82208710656, 170597715968, 67.5)"
2024-10-01T11:13:13.944669,2.3,48.1,"(252806426624, 82208710656, 170597715968, 67.5)"
2024-10-01T11:13:23.949809,2.3,48.1,"(252806426624, 82208710656, 170597715968, 67.5)"
2024-10-01T11:13:33.952246,2.3,48.1,"(252806426624, 82208710656, 170597715968, 67.5)"
2024-10-01T11:13:43.954048,2.3,48.1,"(252806426624, 82208710656, 170597715968, 67.5)"
2024-10-01T11:13:53.956752,2.3,48.1,"(252806426624, 82208710656, 170597715968, 67.5)"
2024-10-01T11:14:03.959947,2.3,48.1,"(252806426624, 82208710656, 170597715968, 67.5)"
2024-10-01T11:14:13.961723,2.3,48.1,"(252806426624, 82208710656, 170597715968, 67.5)"
2024-10-01T11:14:23.965442,2.3,48.1,"(252806426624, 82208710656, 170597715968, 67.5)"
2024-10-01T11:14:33.967343,2.3,48.1,"(252806426624, 82208710656, 170597715968, 67.5)"
2024-10-01T11:14:43.970500,2.3,48.1,"(252806426624, 82208710656, 170597715968, 67.5)"
2024-10-01T11:14:53.973077,2.3,48.1,"(252806426624, 82208710656, 170597715968, 67.5)"
2024-10-01T11:15:03.974895,2.3,48.1,"(252806426624, 82208710656, 170597715968, 67.5)"
2024-10-01T11:15:13.978034,2.3,48.1,"(252806426624, 82208710656, 170597715968, 67.5)"
2024-10-01T11:15:23.981351,2.3,48.1,"(252806426624, 82208710656, 170597715968, 67.5)"
2024-10-01T11:15:33.985994,2.3,48.1,"(252806426624, 82208710656, 170597715968, 67.5)"
2024-10-01T11:15:43.989460,2.3,48.1,"(252806426624, 82208710656, 170597715968, 67.5)"
2024-10-01T11:15:53.992673,2.3,48.1,"(252806426624, 82208710656, 170597715968, 67.5)"
2024-10-01T11:16:03.994919,2.3,48.1,"(252806426624, 82208710656, 170597715968, 67.5)"
2024-10-01T11:16:13.998558,2.3,48.1,"(252806426624, 82208710656, 170597715968, 67.5)"
2024-10-01T11:16:24.001890,2.3,48.1,"(252806426624, 82208710656, 170597715968, 67.5)"
2024-10-01T11:16:34.006392,2.3,48.1,"(252806426624, 82208710656, 170597715968, 67.5)"
2024-10-01T11:16:44.009938,2.3,48.1,"(252806426624, 82208710656, 170597715968, 67.5)"
2024-10-01T11:16:54.013223,2.3,48.1,"(252806426624, 82208710656, 170597715968, 67.5)"
2024-10-01T11:17:04.016239,2.3,48.1,"(252806426624, 82208710656, 170597715968, 67.5)"
2024-10-01T11:17:14.019597,2.3,48.1,"(252806426624, 82208710656, 170597715968, 67.5)"
2024-10-01T11:17:24.023348,2.3,48.1,"(252806426624, 82208710656, 170597715968, 67.5)"
2024-10-01T11:17:34.026225,2.3,48.1,"(252806426624, 82208710656, 170597715968, 67.5)"
2024-10-01T11:17:44.029781,2.3,48.1,"(252806426624, 82208710656, 170597715968, 67.5)"
2024-10-01T11:17:54.032629,2.3,48.1,"(252806426624, 82208710656, 170597715968, 67.5)"
2024-10-01T11:18:04.036516,2.3,48.1,"(252806426624, 82208710656, 170597715968, 67.5)"
2024-10-01T11:18:14.041036,2.3,48.1,"(252806426624, 82208710656, 170597715968, 67.5)"
2024-10-01T11:18:24.044836,2.3,48.1,"(252806426624, 82208710656, 170597715968, 67.5)"
2024-10-01T11:18:34.049451,2.3,48.1,"(252806426624, 82208710656, 170597715968, 67.5)"
2024-10-01T11:18:44.052456,2.3,48.1,"(252806426624, 82208710656, 170597715968, 67.5)"
2024-10-01T11:18:54.057830,2.3,48.1,"(252806426624, 82208710656, 170597715968, 67.5)"
2024-10-01T11:19:04.063448,2.3,48.1,"(252806426624, 82208710656, 170597715968, 67.5)"
2024-10-01T11:19:14.066763,2.3,48.1,"(252806426624, 82208710656, 170597715968, 67.5)"
2024-10-01T11:19:24.069576,2.3,48.1,"(252806426624, 82208710656, 170597715968, 67.5)"
2024-10-01T11:19:34.074800,2.3,48.1,"(252806426624, 82208710656, 170597715968, 67.5)"
2024-10-01T11:19:44.077193,2.3,48.1,"(252806426624, 82208710656, 170597715968, 67.5)"
2024-10-01T11:19:54.081133,2.3,48.1,"(252806426624, 82208710656, 170597715968, 67.5)"
2024-10-01T11:20:04.085260,2.3,48.1,"(252806426624, 82208710656, 170597715968, 67.5)"
2024-10-01T11:20:14.086990,2.3,48.1,"(252806426624, 82208710656, 170597715968, 67.5)"
2024-10-01T11:20:24.091176,2.3,48.1,"(252806426624, 82208710656, 170597715968, 67.5)"
2024-10-01T11:20:34.094508,2.3,48.1,"(252806426624, 82208710656, 170597715968, 67.5)"
2024-10-01T11:20:44.097730,2.3,48.1,"(252806426624, 82208710656, 170597715968, 67.5)"
2024-10-01T11:20:54.102055,2.3,48.1,"(252806426624, 82208710656, 170597715968, 67.5)"
2024-10-01T11:21:04.103410,2.3,48.1,"(252806426624, 82208710656, 170597715968, 67.5)"
2024-10-01T11:21:14.107624,2.3,48.1,"(252806426624, 82208710656, 170597715968, 67.5)"
2024-10-01T11:21:24.110996,2.3,48.1,"(252806426624, 82208710656, 170597715968, 67.5)"
2024-10-01T11:21:34.113441,2.3,48.1,"(252806426624, 82208710656, 170597715968, 67.5)"
2024-10-01T11:21:44.116981,2.3,48.1,"(252806426624, 82208710656, 170597715968, 67.5)"
2024-10-01T11:21:54.120019,2.3,48.1,"(252806426624, 82208710656, 170597715968, 67.5)"
2024-10-01T11:22:04.122502,2.3,48.1,"(252806426624, 82208710656, 170597715968, 67.5)"
2024-10-01T11:22:14.125669,2.3,48.1,"(252806426624, 82208710656, 170597715968, 67.5)"
2024-10-01T11:22:24.129072,2.3,48.1,"(252806426624, 82208710656, 170597715968, 67.5)"
2024-10-01T11:22:34.133648,2.3,48.1,"(252806426624, 82208710656, 170597715968, 67.5)"
2024-10-01T11:22:44.136877,2.3,48.1,"(252806426624, 82208710656, 170597715968, 67.5)"
